# JRE version: OpenJDK Runtime Environment Temurin-17.0.7+7 (17.0.7+7) (build 17.0.7+7)
# Java VM: OpenJDK 64-Bit Server VM Temurin-17.0.7+7 (17.0.7+7, mixed mode, tiered, compressed oops, compressed class ptrs, parallel gc, windows-amd64)
GC Precious Log:
 CPUs: 8 total, 8 available
 Memory: 16272M
 Large Page Support: Disabled
 NUMA Support: Disabled
 Compressed Oops: Enabled (32-bit)
 Alignments: Space 512K, Generation 512K, Heap 2M
 Heap Min Capacity: 100M
 Heap Initial Capacity: 100M
 Heap Max Capacity: 1G
 Pre-touch: Disabled
 Parallel Workers: 8
Heap:
 PSYoungGen      total 20480K, used 3706K [0x00000000eab00000, 0x00000000ec180000, 0x0000000100000000)
  eden space 19968K, 16% used [0x00000000eab00000,0x00000000eae50fb0,0x00000000ebe80000)
  from space 512K, 62% used [0x00000000ec100000,0x00000000ec150000,0x00000000ec180000)
  to   space 1024K, 0% used [0x00000000ebf80000,0x00000000ebf80000,0x00000000ec080000)
 ParOldGen       total 68608K, used 27568K [0x00000000c0000000, 0x00000000c4300000, 0x00000000eab00000)
  object space 68608K, 40% used [0x00000000c0000000,0x00000000c1aec348,0x00000000c4300000)
 Metaspace       used 45246K, committed 46016K, reserved 1114112K
  class space    used 4603K, committed 4928K, reserved 1048576K
GC Heap History (20 events):
Event: 4.743 GC heap before
{Heap before GC invocations=11 (full 2):
 PSYoungGen      total 27648K, used 24064K [0x00000000eab00000, 0x00000000ec980000, 0x0000000100000000)
  eden space 24064K, 100% used [0x00000000eab00000,0x00000000ec280000,0x00000000ec280000)
  from space 3584K, 0% used [0x00000000ec600000,0x00000000ec600000,0x00000000ec980000)
  to   space 3584K, 0% used [0x00000000ec280000,0x00000000ec280000,0x00000000ec600000)
 ParOldGen       total 68608K, used 11003K [0x00000000c0000000, 0x00000000c4300000, 0x00000000eab00000)
  object space 68608K, 16% used [0x00000000c0000000,0x00000000c0abed00,0x00000000c4300000)
 Metaspace       used 36301K, committed 36992K, reserved 1114112K
  class space    used 3708K, committed 4032K, reserved 1048576K
}
Event: 4.746 GC heap after
{Heap after GC invocations=11 (full 2):
 PSYoungGen      total 26112K, used 2368K [0x00000000eab00000, 0x00000000ec800000, 0x0000000100000000)
  eden space 23552K, 0% used [0x00000000eab00000,0x00000000eab00000,0x00000000ec200000)
  from space 2560K, 92% used [0x00000000ec280000,0x00000000ec4d0020,0x00000000ec500000)
  to   space 3072K, 0% used [0x00000000ec500000,0x00000000ec500000,0x00000000ec800000)
 ParOldGen       total 68608K, used 11011K [0x00000000c0000000, 0x00000000c4300000, 0x00000000eab00000)
  object space 68608K, 16% used [0x00000000c0000000,0x00000000c0ac0d00,0x00000000c4300000)
 Metaspace       used 36301K, committed 36992K, reserved 1114112K
  class space    used 3708K, committed 4032K, reserved 1048576K
}
Event: 5.050 GC heap before
{Heap before GC invocations=12 (full 2):
 PSYoungGen      total 26112K, used 25920K [0x00000000eab00000, 0x00000000ec800000, 0x0000000100000000)
  eden space 23552K, 100% used [0x00000000eab00000,0x00000000ec200000,0x00000000ec200000)
  from space 2560K, 92% used [0x00000000ec280000,0x00000000ec4d0020,0x00000000ec500000)
  to   space 3072K, 0% used [0x00000000ec500000,0x00000000ec500000,0x00000000ec800000)
 ParOldGen       total 68608K, used 11011K [0x00000000c0000000, 0x00000000c4300000, 0x00000000eab00000)
  object space 68608K, 16% used [0x00000000c0000000,0x00000000c0ac0d00,0x00000000c4300000)
 Metaspace       used 36366K, committed 37056K, reserved 1114112K
  class space    used 3710K, committed 4032K, reserved 1048576K
}
Event: 5.054 GC heap after
{Heap after GC invocations=12 (full 2):
 PSYoungGen      total 24576K, used 3040K [0x00000000eab00000, 0x00000000ecb80000, 0x0000000100000000)
  eden space 21504K, 0% used [0x00000000eab00000,0x00000000eab00000,0x00000000ec000000)
  from space 3072K, 98% used [0x00000000ec500000,0x00000000ec7f8020,0x00000000ec800000)
  to   space 5120K, 0% used [0x00000000ec000000,0x00000000ec000000,0x00000000ec500000)
 ParOldGen       total 68608K, used 12419K [0x00000000c0000000, 0x00000000c4300000, 0x00000000eab00000)
  object space 68608K, 18% used [0x00000000c0000000,0x00000000c0c20d00,0x00000000c4300000)
 Metaspace       used 36366K, committed 37056K, reserved 1114112K
  class space    used 3710K, committed 4032K, reserved 1048576K
}
Event: 5.133 GC heap before
{Heap before GC invocations=13 (full 2):
 PSYoungGen      total 24576K, used 24544K [0x00000000eab00000, 0x00000000ecb80000, 0x0000000100000000)
  eden space 21504K, 100% used [0x00000000eab00000,0x00000000ec000000,0x00000000ec000000)
  from space 3072K, 98% used [0x00000000ec500000,0x00000000ec7f8020,0x00000000ec800000)
  to   space 5120K, 0% used [0x00000000ec000000,0x00000000ec000000,0x00000000ec500000)
 ParOldGen       total 68608K, used 12419K [0x00000000c0000000, 0x00000000c4300000, 0x00000000eab00000)
  object space 68608K, 18% used [0x00000000c0000000,0x00000000c0c20d00,0x00000000c4300000)
 Metaspace       used 36423K, committed 37120K, reserved 1114112K
  class space    used 3721K, committed 4032K, reserved 1048576K
}
Event: 5.138 GC heap after
{Heap after GC invocations=13 (full 2):
 PSYoungGen      total 24576K, used 2880K [0x00000000eab00000, 0x00000000ec700000, 0x0000000100000000)
  eden space 21504K, 0% used [0x00000000eab00000,0x00000000eab00000,0x00000000ec000000)
  from space 3072K, 93% used [0x00000000ec000000,0x00000000ec2d0020,0x00000000ec300000)
  to   space 3584K, 0% used [0x00000000ec380000,0x00000000ec380000,0x00000000ec700000)
 ParOldGen       total 68608K, used 15416K [0x00000000c0000000, 0x00000000c4300000, 0x00000000eab00000)
  object space 68608K, 22% used [0x00000000c0000000,0x00000000c0f0e078,0x00000000c4300000)
 Metaspace       used 36423K, committed 37120K, reserved 1114112K
  class space    used 3721K, committed 4032K, reserved 1048576K
}
Event: 5.233 GC heap before
{Heap before GC invocations=14 (full 2):
 PSYoungGen      total 24576K, used 24384K [0x00000000eab00000, 0x00000000ec700000, 0x0000000100000000)
  eden space 21504K, 100% used [0x00000000eab00000,0x00000000ec000000,0x00000000ec000000)
  from space 3072K, 93% used [0x00000000ec000000,0x00000000ec2d0020,0x00000000ec300000)
  to   space 3584K, 0% used [0x00000000ec380000,0x00000000ec380000,0x00000000ec700000)
 ParOldGen       total 68608K, used 15416K [0x00000000c0000000, 0x00000000c4300000, 0x00000000eab00000)
  object space 68608K, 22% used [0x00000000c0000000,0x00000000c0f0e078,0x00000000c4300000)
 Metaspace       used 36428K, committed 37184K, reserved 1114112K
  class space    used 3721K, committed 4032K, reserved 1048576K
}
Event: 5.238 GC heap after
{Heap after GC invocations=14 (full 2):
 PSYoungGen      total 24064K, used 2432K [0x00000000eab00000, 0x00000000ec600000, 0x0000000100000000)
  eden space 21504K, 0% used [0x00000000eab00000,0x00000000eab00000,0x00000000ec000000)
  from space 2560K, 95% used [0x00000000ec380000,0x00000000ec5e0000,0x00000000ec600000)
  to   space 3072K, 0% used [0x00000000ec000000,0x00000000ec000000,0x00000000ec300000)
 ParOldGen       total 68608K, used 18123K [0x00000000c0000000, 0x00000000c4300000, 0x00000000eab00000)
  object space 68608K, 26% used [0x00000000c0000000,0x00000000c11b2f98,0x00000000c4300000)
 Metaspace       used 36428K, committed 37184K, reserved 1114112K
  class space    used 3721K, committed 4032K, reserved 1048576K
}
Event: 5.320 GC heap before
{Heap before GC invocations=15 (full 2):
 PSYoungGen      total 24064K, used 23936K [0x00000000eab00000, 0x00000000ec600000, 0x0000000100000000)
  eden space 21504K, 100% used [0x00000000eab00000,0x00000000ec000000,0x00000000ec000000)
  from space 2560K, 95% used [0x00000000ec380000,0x00000000ec5e0000,0x00000000ec600000)
  to   space 3072K, 0% used [0x00000000ec000000,0x00000000ec000000,0x00000000ec300000)
 ParOldGen       total 68608K, used 18123K [0x00000000c0000000, 0x00000000c4300000, 0x00000000eab00000)
  object space 68608K, 26% used [0x00000000c0000000,0x00000000c11b2f98,0x00000000c4300000)
 Metaspace       used 36428K, committed 37184K, reserved 1114112K
  class space    used 3721K, committed 4032K, reserved 1048576K
}
Event: 5.323 GC heap after
{Heap after GC invocations=15 (full 2):
 PSYoungGen      total 24064K, used 2432K [0x00000000eab00000, 0x00000000ec500000, 0x0000000100000000)
  eden space 21504K, 0% used [0x00000000eab00000,0x00000000eab00000,0x00000000ec000000)
  from space 2560K, 95% used [0x00000000ec000000,0x00000000ec260010,0x00000000ec280000)
  to   space 2560K, 0% used [0x00000000ec280000,0x00000000ec280000,0x00000000ec500000)
 ParOldGen       total 68608K, used 20467K [0x00000000c0000000, 0x00000000c4300000, 0x00000000eab00000)
  object space 68608K, 29% used [0x00000000c0000000,0x00000000c13fcf98,0x00000000c4300000)
 Metaspace       used 36428K, committed 37184K, reserved 1114112K
  class space    used 3721K, committed 4032K, reserved 1048576K
}
Event: 5.761 GC heap before
{Heap before GC invocations=16 (full 2):
 PSYoungGen      total 24064K, used 23881K [0x00000000eab00000, 0x00000000ec500000, 0x0000000100000000)
  eden space 21504K, 99% used [0x00000000eab00000,0x00000000ebff2678,0x00000000ec000000)
  from space 2560K, 95% used [0x00000000ec000000,0x00000000ec260010,0x00000000ec280000)
  to   space 2560K, 0% used [0x00000000ec280000,0x00000000ec280000,0x00000000ec500000)
 ParOldGen       total 68608K, used 20467K [0x00000000c0000000, 0x00000000c4300000, 0x00000000eab00000)
  object space 68608K, 29% used [0x00000000c0000000,0x00000000c13fcf98,0x00000000c4300000)
 Metaspace       used 38878K, committed 39552K, reserved 1114112K
  class space    used 4010K, committed 4288K, reserved 1048576K
}
Event: 5.764 GC heap after
{Heap after GC invocations=16 (full 2):
 PSYoungGen      total 24064K, used 1864K [0x00000000eab00000, 0x00000000ec500000, 0x0000000100000000)
  eden space 21504K, 0% used [0x00000000eab00000,0x00000000eab00000,0x00000000ec000000)
  from space 2560K, 72% used [0x00000000ec280000,0x00000000ec452128,0x00000000ec500000)
  to   space 2560K, 0% used [0x00000000ec000000,0x00000000ec000000,0x00000000ec280000)
 ParOldGen       total 68608K, used 22814K [0x00000000c0000000, 0x00000000c4300000, 0x00000000eab00000)
  object space 68608K, 33% used [0x00000000c0000000,0x00000000c1647b80,0x00000000c4300000)
 Metaspace       used 38878K, committed 39552K, reserved 1114112K
  class space    used 4010K, committed 4288K, reserved 1048576K
}
Event: 6.309 GC heap before
{Heap before GC invocations=17 (full 2):
 PSYoungGen      total 24064K, used 23368K [0x00000000eab00000, 0x00000000ec500000, 0x0000000100000000)
  eden space 21504K, 100% used [0x00000000eab00000,0x00000000ec000000,0x00000000ec000000)
  from space 2560K, 72% used [0x00000000ec280000,0x00000000ec452128,0x00000000ec500000)
  to   space 2560K, 0% used [0x00000000ec000000,0x00000000ec000000,0x00000000ec280000)
 ParOldGen       total 68608K, used 22814K [0x00000000c0000000, 0x00000000c4300000, 0x00000000eab00000)
  object space 68608K, 33% used [0x00000000c0000000,0x00000000c1647b80,0x00000000c4300000)
 Metaspace       used 39949K, committed 40576K, reserved 1114112K
  class space    used 4146K, committed 4416K, reserved 1048576K
}
Event: 6.311 GC heap after
{Heap after GC invocations=17 (full 2):
 PSYoungGen      total 22016K, used 416K [0x00000000eab00000, 0x00000000ec300000, 0x0000000100000000)
  eden space 21504K, 0% used [0x00000000eab00000,0x00000000eab00000,0x00000000ec000000)
  from space 512K, 81% used [0x00000000ec000000,0x00000000ec068010,0x00000000ec080000)
  to   space 1024K, 0% used [0x00000000ec200000,0x00000000ec200000,0x00000000ec300000)
 ParOldGen       total 68608K, used 24577K [0x00000000c0000000, 0x00000000c4300000, 0x00000000eab00000)
  object space 68608K, 35% used [0x00000000c0000000,0x00000000c1800710,0x00000000c4300000)
 Metaspace       used 39949K, committed 40576K, reserved 1114112K
  class space    used 4146K, committed 4416K, reserved 1048576K
}
Event: 7.209 GC heap before
{Heap before GC invocations=18 (full 2):
 PSYoungGen      total 22016K, used 21809K [0x00000000eab00000, 0x00000000ec300000, 0x0000000100000000)
  eden space 21504K, 99% used [0x00000000eab00000,0x00000000ebfe43f8,0x00000000ec000000)
  from space 512K, 81% used [0x00000000ec000000,0x00000000ec068010,0x00000000ec080000)
  to   space 1024K, 0% used [0x00000000ec200000,0x00000000ec200000,0x00000000ec300000)
 ParOldGen       total 68608K, used 24577K [0x00000000c0000000, 0x00000000c4300000, 0x00000000eab00000)
  object space 68608K, 35% used [0x00000000c0000000,0x00000000c1800710,0x00000000c4300000)
 Metaspace       used 43276K, committed 44032K, reserved 1114112K
  class space    used 4422K, committed 4736K, reserved 1048576K
}
Event: 7.212 GC heap after
{Heap after GC invocations=18 (full 2):
 PSYoungGen      total 20992K, used 1004K [0x00000000eab00000, 0x00000000ec700000, 0x0000000100000000)
  eden space 19968K, 0% used [0x00000000eab00000,0x00000000eab00000,0x00000000ebe80000)
  from space 1024K, 98% used [0x00000000ec200000,0x00000000ec2fb2a0,0x00000000ec300000)
  to   space 3584K, 0% used [0x00000000ebe80000,0x00000000ebe80000,0x00000000ec200000)
 ParOldGen       total 68608K, used 26308K [0x00000000c0000000, 0x00000000c4300000, 0x00000000eab00000)
  object space 68608K, 38% used [0x00000000c0000000,0x00000000c19b1090,0x00000000c4300000)
 Metaspace       used 43276K, committed 44032K, reserved 1114112K
  class space    used 4422K, committed 4736K, reserved 1048576K
}
Event: 7.333 GC heap before
{Heap before GC invocations=19 (full 2):
 PSYoungGen      total 20992K, used 20972K [0x00000000eab00000, 0x00000000ec700000, 0x0000000100000000)
  eden space 19968K, 100% used [0x00000000eab00000,0x00000000ebe80000,0x00000000ebe80000)
  from space 1024K, 98% used [0x00000000ec200000,0x00000000ec2fb2a0,0x00000000ec300000)
  to   space 3584K, 0% used [0x00000000ebe80000,0x00000000ebe80000,0x00000000ec200000)
 ParOldGen       total 68608K, used 26308K [0x00000000c0000000, 0x00000000c4300000, 0x00000000eab00000)
  object space 68608K, 38% used [0x00000000c0000000,0x00000000c19b1090,0x00000000c4300000)
 Metaspace       used 43312K, committed 44032K, reserved 1114112K
  class space    used 4422K, committed 4736K, reserved 1048576K
}
Event: 7.334 GC heap after
{Heap after GC invocations=19 (full 2):
 PSYoungGen      total 20992K, used 793K [0x00000000eab00000, 0x00000000ec280000, 0x0000000100000000)
  eden space 19968K, 0% used [0x00000000eab00000,0x00000000eab00000,0x00000000ebe80000)
  from space 1024K, 77% used [0x00000000ebe80000,0x00000000ebf46730,0x00000000ebf80000)
  to   space 1536K, 0% used [0x00000000ec100000,0x00000000ec100000,0x00000000ec280000)
 ParOldGen       total 68608K, used 27341K [0x00000000c0000000, 0x00000000c4300000, 0x00000000eab00000)
  object space 68608K, 39% used [0x00000000c0000000,0x00000000c1ab34a8,0x00000000c4300000)
 Metaspace       used 43312K, committed 44032K, reserved 1114112K
  class space    used 4422K, committed 4736K, reserved 1048576K
}
Event: 7.478 GC heap before
{Heap before GC invocations=20 (full 2):
 PSYoungGen      total 20992K, used 20761K [0x00000000eab00000, 0x00000000ec280000, 0x0000000100000000)
  eden space 19968K, 100% used [0x00000000eab00000,0x00000000ebe80000,0x00000000ebe80000)
  from space 1024K, 77% used [0x00000000ebe80000,0x00000000ebf46730,0x00000000ebf80000)
  to   space 1536K, 0% used [0x00000000ec100000,0x00000000ec100000,0x00000000ec280000)
 ParOldGen       total 68608K, used 27341K [0x00000000c0000000, 0x00000000c4300000, 0x00000000eab00000)
  object space 68608K, 39% used [0x00000000c0000000,0x00000000c1ab34a8,0x00000000c4300000)
 Metaspace       used 44506K, committed 45184K, reserved 1114112K
  class space    used 4531K, committed 4800K, reserved 1048576K
}
Event: 7.480 GC heap after
{Heap after GC invocations=20 (full 2):
 PSYoungGen      total 20480K, used 320K [0x00000000eab00000, 0x00000000ec180000, 0x0000000100000000)
  eden space 19968K, 0% used [0x00000000eab00000,0x00000000eab00000,0x00000000ebe80000)
  from space 512K, 62% used [0x00000000ec100000,0x00000000ec150000,0x00000000ec180000)
  to   space 1024K, 0% used [0x00000000ebf80000,0x00000000ebf80000,0x00000000ec080000)
 ParOldGen       total 68608K, used 27568K [0x00000000c0000000, 0x00000000c4300000, 0x00000000eab00000)
  object space 68608K, 40% used [0x00000000c0000000,0x00000000c1aec348,0x00000000c4300000)
 Metaspace       used 44506K, committed 45184K, reserved 1114112K
  class space    used 4531K, committed 4800K, reserved 1048576K
}

